<testsuites name="jest tests" tests="1" failures="0" time="1.904">
  <testsuite name="undefined" errors="0" failures="0" skipped="0" timestamp="2018-11-15T15:47:01" time="1.172" tests="1">
    <testcase classname=" renders without crashing" name=" renders without crashing" time="0.046">
    </testcase>
  </testsuite>
</testsuites>