<testsuites name="jest tests" tests="1" failures="0" time="2.005">
  <testsuite name="undefined" errors="0" failures="0" skipped="0" timestamp="2018-11-15T16:02:10" time="1.153" tests="1">
    <testcase classname=" renders without crashing" name=" renders without crashing" time="0.047">
    </testcase>
  </testsuite>
</testsuites>